<?xml version="1.0" encoding="UTF-8"?>
<testng-results ignored="0" total="1" passed="1" failed="0" skipped="0">
  <reporter-output>
  </reporter-output>
  <suite started-at="2025-04-12T03:36:39 EET" name="Surefire suite" finished-at="2025-04-12T03:39:07 EET" duration-ms="147669">
    <groups>
    </groups>
    <test started-at="2025-04-12T03:36:39 EET" name="Surefire test" finished-at="2025-04-12T03:39:07 EET" duration-ms="147669">
      <class name="tests.TestVideiGamesPurchasing">
        <test-method is-config="true" signature="setup()[pri:0, instance:tests.TestVideiGamesPurchasing@71a8adcf]" started-at="2025-04-12T03:36:39 EET" name="setup" finished-at="2025-04-12T03:36:43 EET" duration-ms="3662" status="PASS">
          <reporter-output>
          </reporter-output>
        </test-method> <!-- setup -->
        <test-method signature="videoGamesPurchasing()[pri:0, instance:tests.TestVideiGamesPurchasing@71a8adcf]" started-at="2025-04-12T03:36:43 EET" name="videoGamesPurchasing" finished-at="2025-04-12T03:39:06 EET" duration-ms="143171" status="PASS">
          <reporter-output>
          </reporter-output>
        </test-method> <!-- videoGamesPurchasing -->
        <test-method is-config="true" signature="tearDown()[pri:0, instance:tests.TestVideiGamesPurchasing@71a8adcf]" started-at="2025-04-12T03:39:06 EET" name="tearDown" finished-at="2025-04-12T03:39:07 EET" duration-ms="757" status="PASS">
          <reporter-output>
          </reporter-output>
        </test-method> <!-- tearDown -->
      </class> <!-- tests.TestVideiGamesPurchasing -->
    </test> <!-- Surefire test -->
  </suite> <!-- Surefire suite -->
</testng-results>
