<?xml version="1.0" encoding="UTF-8"?>
<testsuite xmlns:xsi="http://www.w3.org/2001/XMLSchema-instance" xsi:noNamespaceSchemaLocation="https://maven.apache.org/surefire/maven-surefire-plugin/xsd/surefire-test-report-3.0.xsd" version="3.0" name="tests.TestVideiGamesPurchasing" time="148.156" tests="1" errors="0" skipped="0" failures="0">
  <properties>
[...]
</properties>
  <testcase name="videoGamesPurchasing" classname="tests.TestVideiGamesPurchasing" time="143.222">
    <system-out><![CDATA[clear cart6
Number of products under 15000 in this page :6
click on number of elements 6
element number 0
element number 1
element number 2
element number 3
element number 4
element number 5
Total price: 77177.0
]]></system-out>
    <system-err><![CDATA[SLF4J: Failed to load class "org.slf4j.impl.StaticLoggerBinder".
SLF4J: Defaulting to no-operation (NOP) logger implementation
SLF4J: See http://www.slf4j.org/codes.html#StaticLoggerBinder for further details.
1744421800686	geckodriver	INFO	Listening on 127.0.0.1:40932
1744421800921	mozrunner::runner	INFO	Running command: "C:\\Program Files\\Mozilla Firefox\\firefox.exe" "--marionette" "--remote-debugging-port" "3008" "--remote- ... ocalhost:3008/,http://[::1]:3008/" "-no-remote" "-profile" "C:\\Users\\MOHAME~1\\AppData\\Local\\Temp\\rust_mozprofileCBWxBO"
console.warn: services.settings: Ignoring preference override of remote settings server
console.warn: services.settings: Allow by setting MOZ_REMOTE_SETTINGS_DEVTOOLS=1 in the environment
Dynamically enable window occlusion 0
1744421801237	Marionette	INFO	Marionette enabled
1744421801332	Marionette	INFO	Listening on port 57251
WebDriver BiDi listening on ws://127.0.0.1:3008
Read port: 57251
1744421801468	RemoteAgent	WARN	TLS certificate errors will be ignored for this session
JavaScript warning: https://www.amazon.eg/, line 3092: WEBGL_debug_renderer_info is deprecated in Firefox and will be removed. Please use RENDERER.
JavaScript warning: https://www.amazon.eg/customer-preferences/edit?ie=UTF8&preferencesReturnUrl=%2F&ref_=topnav_lang, line 2306: WEBGL_debug_renderer_info is deprecated in Firefox and will be removed. Please use RENDERER.
 waiting for element: Expected condition failed: waiting for element to be clickable: By.xpath: //div[@class='a-radio a-radio-fancy']//input[@value='en_AE'] (tried for 10 second(s) with 500 milliseconds interval)
Build info: version: '4.8.3', revision: 'e5e76298c3'
System info: os.name: 'Windows 11', os.arch: 'amd64', os.version: '10.0', java.version: '19.0.1'
Driver info: org.openqa.selenium.firefox.FirefoxDriver
Capabilities {acceptInsecureCerts: true, browserName: firefox, browserVersion: 137.0.1, moz:accessibilityChecks: false, moz:buildID: 20250407111027, moz:geckodriverVersion: 0.36.0, moz:headless: false, moz:platformVersion: 10.0, moz:processID: 13796, moz:profile: C:\Users\MOHAME~1\AppData\L..., moz:shutdownTimeout: 60000, moz:webdriverClick: true, moz:windowless: false, pageLoadStrategy: normal, platformName: WINDOWS, proxy: Proxy(), setWindowRect: true, strictFileInteractability: false, timeouts: {implicit: 0, pageLoad: 300000, script: 30000}, unhandledPromptBehavior: dismiss and notify, userAgent: Mozilla/5.0 (Windows NT 10....}
Session ID: c27e3f08-48be-4e22-b10b-484d1d7ac9d3
JavaScript warning: https://www.amazon.eg/?language=en_AE, line 3091: WEBGL_debug_renderer_info is deprecated in Firefox and will be removed. Please use RENDERER.
JavaScript warning: https://www.amazon.eg/-/en/ap/signin?openid.pape.max_auth_age=0&openid.return_to=https%3A%2F%2Fwww.amazon.eg%2F%3Flanguage%3Den_AE%26ref_%3Dnav_ya_signin&openid.identity=http%3A%2F%2Fspecs.openid.net%2Fauth%2F2.0%2Fidentifier_select&openid.assoc_handle=egflex&openid.mode=checkid_setup&openid.claimed_id=http%3A%2F%2Fspecs.openid.net%2Fauth%2F2.0%2Fidentifier_select&openid.ns=http%3A%2F%2Fspecs.openid.net%2Fauth%2F2.0, line 2620: WEBGL_debug_renderer_info is deprecated in Firefox and will be removed. Please use RENDERER.
console.warn: LoginRecipes: "Falling back to a synchronous message for: https://www.amazon.eg."
console.warn: LoginRecipes: "Falling back to a synchronous message for: https://www.amazon.eg."
JavaScript error: https://www.amazon.eg/ax/claim?openid.mode=checkid_setup&openid.assoc_handle=egflex&arb=4cbc7031-a11f-4193-807a-6ec48f06e022&openid.ns=http%3A%2F%2Fspecs.openid.net%2Fauth%2F2.0&openid.return_to=https%3A%2F%2Fwww.amazon.eg%2F%3Flanguage%3Den_AE%26ref_%3Dnav_ya_signin&policy_handle=Retail-Checkout, line 881: TypeError: a.ue_err is undefined
console.error: ({})
console.warn: LoginRecipes: "Falling back to a synchronous message for: https://www.amazon.eg."
console.warn: LoginRecipes: "Falling back to a synchronous message for: https://www.amazon.eg."
JavaScript warning: https://www.amazon.eg/?language=en_AE&ref_=nav_ya_signin, line 3279: WEBGL_debug_renderer_info is deprecated in Firefox and will be removed. Please use RENDERER.
JavaScript warning: https://www.amazon.eg/-/en/gp/cart/view.html?ref_=nav_cart, line 13741: WEBGL_debug_renderer_info is deprecated in Firefox and will be removed. Please use RENDERER.
JavaScript warning: https://images-eu.ssl-images-amazon.com/images/I/71OT-jJl38L._RC|41KU1HSBLyL.js_.js?AUIClients/InContextAuthBaseAssets, line 298: WEBGL_debug_renderer_info is deprecated in Firefox and will be removed. Please use RENDERER.
JavaScript warning: https://www.amazon.eg/, line 3215: WEBGL_debug_renderer_info is deprecated in Firefox and will be removed. Please use RENDERER.
JavaScript warning: https://www.amazon.eg/-/en/gp/browse.html?node=18022560031&ref_=nav_em_vg_all_0_2_16_2, line 4973: WEBGL_debug_renderer_info is deprecated in Firefox and will be removed. Please use RENDERER.
 waiting for element: Expected condition failed: waiting for element to be clickable: By.xpath: //span[text()='Free Shipping'] (tried for 10 second(s) with 500 milliseconds interval)
Build info: version: '4.8.3', revision: 'e5e76298c3'
System info: os.name: 'Windows 11', os.arch: 'amd64', os.version: '10.0', java.version: '19.0.1'
Driver info: org.openqa.selenium.firefox.FirefoxDriver
Capabilities {acceptInsecureCerts: true, browserName: firefox, browserVersion: 137.0.1, moz:accessibilityChecks: false, moz:buildID: 20250407111027, moz:geckodriverVersion: 0.36.0, moz:headless: false, moz:platformVersion: 10.0, moz:processID: 13796, moz:profile: C:\Users\MOHAME~1\AppData\L..., moz:shutdownTimeout: 60000, moz:webdriverClick: true, moz:windowless: false, pageLoadStrategy: normal, platformName: WINDOWS, proxy: Proxy(), setWindowRect: true, strictFileInteractability: false, timeouts: {implicit: 0, pageLoad: 300000, script: 30000}, unhandledPromptBehavior: dismiss and notify, userAgent: Mozilla/5.0 (Windows NT 10....}
Session ID: c27e3f08-48be-4e22-b10b-484d1d7ac9d3
JavaScript warning: https://www.amazon.eg/s?rh=n%3A18022560031%2Cp_n_free_shipping_eligible%3A21909080031&dc&language=en&qid=1744421841&rnid=21909079031&ref=sr_nr_p_n_free_shipping_eligible_1, line 5486: WEBGL_debug_renderer_info is deprecated in Firefox and will be removed. Please use RENDERER.
JavaScript warning: https://www.amazon.eg/s?i=videogames&rh=n%3A18022560031%2Cp_n_free_shipping_eligible%3A21909080031%2Cp_n_condition-type%3A28071525031&dc&language=en&ds=v1%3AUEKCx8MmovavIpML%2FdN0A6a43Wcon3J8Mhoig0TgI5g&qid=1744421852&rnid=28071523031&ref=sr_nr_p_n_condition-type_1, line 5654: WEBGL_debug_renderer_info is deprecated in Firefox and will be removed. Please use RENDERER.
 waiting for element: Expected condition failed: waiting for presence of element located by: By.xpath: //span[@class='a-price-whole' and number(translate(., ',', '')) < 15000] //ancestor::div[contains(@class,'price-instructions-style')]//following-sibling::div[contains(@class,'a-spacing-top-micro')]//following::button[@aria-label='Add to cart'] (tried for 10 second(s) with 500 milliseconds interval)
JavaScript warning: https://m.media-amazon.com/images/I/71hE7IvdPvL.js?AUIClients/FWCIMAssets, line 298: WEBGL_debug_renderer_info is deprecated in Firefox and will be removed. Please use RENDERER.
 waiting for element: Expected condition failed: waiting for element to be clickable: By.xpath: //span[@class='a-price-whole' and number(translate(., ',', '')) < 15000] //ancestor::div[contains(@class,'price-instructions-style')]//following-sibling::div[contains(@class,'a-spacing-top-micro')]//following::button[@aria-label='Add to cart'] (tried for 10 second(s) with 500 milliseconds interval)
Build info: version: '4.8.3', revision: 'e5e76298c3'
System info: os.name: 'Windows 11', os.arch: 'amd64', os.version: '10.0', java.version: '19.0.1'
Driver info: org.openqa.selenium.firefox.FirefoxDriver
Capabilities {acceptInsecureCerts: true, browserName: firefox, browserVersion: 137.0.1, moz:accessibilityChecks: false, moz:buildID: 20250407111027, moz:geckodriverVersion: 0.36.0, moz:headless: false, moz:platformVersion: 10.0, moz:processID: 13796, moz:profile: C:\Users\MOHAME~1\AppData\L..., moz:shutdownTimeout: 60000, moz:webdriverClick: true, moz:windowless: false, pageLoadStrategy: normal, platformName: WINDOWS, proxy: Proxy(), setWindowRect: true, strictFileInteractability: false, timeouts: {implicit: 0, pageLoad: 300000, script: 30000}, unhandledPromptBehavior: dismiss and notify, userAgent: Mozilla/5.0 (Windows NT 10....}
Session ID: c27e3f08-48be-4e22-b10b-484d1d7ac9d3
 waiting for element: Expected condition failed: waiting for element to be clickable: By.xpath: //span[@class='a-price-whole' and number(translate(., ',', '')) < 15000] //ancestor::div[contains(@class,'price-instructions-style')]//following-sibling::div[contains(@class,'a-spacing-top-micro')]//following::button[@aria-label='Add to cart'] (tried for 10 second(s) with 500 milliseconds interval)
Build info: version: '4.8.3', revision: 'e5e76298c3'
System info: os.name: 'Windows 11', os.arch: 'amd64', os.version: '10.0', java.version: '19.0.1'
Driver info: org.openqa.selenium.firefox.FirefoxDriver
Capabilities {acceptInsecureCerts: true, browserName: firefox, browserVersion: 137.0.1, moz:accessibilityChecks: false, moz:buildID: 20250407111027, moz:geckodriverVersion: 0.36.0, moz:headless: false, moz:platformVersion: 10.0, moz:processID: 13796, moz:profile: C:\Users\MOHAME~1\AppData\L..., moz:shutdownTimeout: 60000, moz:webdriverClick: true, moz:windowless: false, pageLoadStrategy: normal, platformName: WINDOWS, proxy: Proxy(), setWindowRect: true, strictFileInteractability: false, timeouts: {implicit: 0, pageLoad: 300000, script: 30000}, unhandledPromptBehavior: dismiss and notify, userAgent: Mozilla/5.0 (Windows NT 10....}
Session ID: c27e3f08-48be-4e22-b10b-484d1d7ac9d3
 waiting for element: Expected condition failed: waiting for element to be clickable: By.xpath: //span[@class='a-price-whole' and number(translate(., ',', '')) < 15000] //ancestor::div[contains(@class,'price-instructions-style')]//following-sibling::div[contains(@class,'a-spacing-top-micro')]//following::button[@aria-label='Add to cart'] (tried for 10 second(s) with 500 milliseconds interval)
Build info: version: '4.8.3', revision: 'e5e76298c3'
System info: os.name: 'Windows 11', os.arch: 'amd64', os.version: '10.0', java.version: '19.0.1'
Driver info: org.openqa.selenium.firefox.FirefoxDriver
Capabilities {acceptInsecureCerts: true, browserName: firefox, browserVersion: 137.0.1, moz:accessibilityChecks: false, moz:buildID: 20250407111027, moz:geckodriverVersion: 0.36.0, moz:headless: false, moz:platformVersion: 10.0, moz:processID: 13796, moz:profile: C:\Users\MOHAME~1\AppData\L..., moz:shutdownTimeout: 60000, moz:webdriverClick: true, moz:windowless: false, pageLoadStrategy: normal, platformName: WINDOWS, proxy: Proxy(), setWindowRect: true, strictFileInteractability: false, timeouts: {implicit: 0, pageLoad: 300000, script: 30000}, unhandledPromptBehavior: dismiss and notify, userAgent: Mozilla/5.0 (Windows NT 10....}
Session ID: c27e3f08-48be-4e22-b10b-484d1d7ac9d3
 waiting for element: Expected condition failed: waiting for element to be clickable: By.xpath: //span[@class='a-price-whole' and number(translate(., ',', '')) < 15000] //ancestor::div[contains(@class,'price-instructions-style')]//following-sibling::div[contains(@class,'a-spacing-top-micro')]//following::button[@aria-label='Add to cart'] (tried for 10 second(s) with 500 milliseconds interval)
Build info: version: '4.8.3', revision: 'e5e76298c3'
System info: os.name: 'Windows 11', os.arch: 'amd64', os.version: '10.0', java.version: '19.0.1'
Driver info: org.openqa.selenium.firefox.FirefoxDriver
Capabilities {acceptInsecureCerts: true, browserName: firefox, browserVersion: 137.0.1, moz:accessibilityChecks: false, moz:buildID: 20250407111027, moz:geckodriverVersion: 0.36.0, moz:headless: false, moz:platformVersion: 10.0, moz:processID: 13796, moz:profile: C:\Users\MOHAME~1\AppData\L..., moz:shutdownTimeout: 60000, moz:webdriverClick: true, moz:windowless: false, pageLoadStrategy: normal, platformName: WINDOWS, proxy: Proxy(), setWindowRect: true, strictFileInteractability: false, timeouts: {implicit: 0, pageLoad: 300000, script: 30000}, unhandledPromptBehavior: dismiss and notify, userAgent: Mozilla/5.0 (Windows NT 10....}
Session ID: c27e3f08-48be-4e22-b10b-484d1d7ac9d3
 waiting for element: Expected condition failed: waiting for element to be clickable: By.xpath: //span[@class='a-price-whole' and number(translate(., ',', '')) < 15000] //ancestor::div[contains(@class,'price-instructions-style')]//following-sibling::div[contains(@class,'a-spacing-top-micro')]//following::button[@aria-label='Add to cart'] (tried for 10 second(s) with 500 milliseconds interval)
Build info: version: '4.8.3', revision: 'e5e76298c3'
System info: os.name: 'Windows 11', os.arch: 'amd64', os.version: '10.0', java.version: '19.0.1'
Driver info: org.openqa.selenium.firefox.FirefoxDriver
Capabilities {acceptInsecureCerts: true, browserName: firefox, browserVersion: 137.0.1, moz:accessibilityChecks: false, moz:buildID: 20250407111027, moz:geckodriverVersion: 0.36.0, moz:headless: false, moz:platformVersion: 10.0, moz:processID: 13796, moz:profile: C:\Users\MOHAME~1\AppData\L..., moz:shutdownTimeout: 60000, moz:webdriverClick: true, moz:windowless: false, pageLoadStrategy: normal, platformName: WINDOWS, proxy: Proxy(), setWindowRect: true, strictFileInteractability: false, timeouts: {implicit: 0, pageLoad: 300000, script: 30000}, unhandledPromptBehavior: dismiss and notify, userAgent: Mozilla/5.0 (Windows NT 10....}
Session ID: c27e3f08-48be-4e22-b10b-484d1d7ac9d3
JavaScript warning: https://www.amazon.eg/-/en/gp/cart/view.html?ref_=nav_cart, line 13725: WEBGL_debug_renderer_info is deprecated in Firefox and will be removed. Please use RENDERER.
1744421918635	Marionette	WARN	Ignoring event 'DOMContentLoaded' because document has an invalid readyState of 'complete'.
JavaScript warning: https://www.amazon.eg/gp/buy/payselect/handlers/display.html?_from=cheetah, line 3515: WEBGL_debug_renderer_info is deprecated in Firefox and will be removed. Please use RENDERER.
 waiting for element: Expected condition failed: waiting for presence of element located by: By.id: add-new-address-desktop-sasp-tango-link (tried for 10 second(s) with 500 milliseconds interval)
JavaScript warning: https://m.media-amazon.com/images/I/71hE7IvdPvL.js?AUIClients/FWCIMAssets, line 298: WEBGL_debug_renderer_info is deprecated in Firefox and will be removed. Please use RENDERER.
 waiting for element: Expected condition failed: waiting for element to be clickable: By.id: add-new-address-desktop-sasp-tango-link (tried for 10 second(s) with 500 milliseconds interval)
Build info: version: '4.8.3', revision: 'e5e76298c3'
System info: os.name: 'Windows 11', os.arch: 'amd64', os.version: '10.0', java.version: '19.0.1'
Driver info: org.openqa.selenium.firefox.FirefoxDriver
Capabilities {acceptInsecureCerts: true, browserName: firefox, browserVersion: 137.0.1, moz:accessibilityChecks: false, moz:buildID: 20250407111027, moz:geckodriverVersion: 0.36.0, moz:headless: false, moz:platformVersion: 10.0, moz:processID: 13796, moz:profile: C:\Users\MOHAME~1\AppData\L..., moz:shutdownTimeout: 60000, moz:webdriverClick: true, moz:windowless: false, pageLoadStrategy: normal, platformName: WINDOWS, proxy: Proxy(), setWindowRect: true, strictFileInteractability: false, timeouts: {implicit: 0, pageLoad: 300000, script: 30000}, unhandledPromptBehavior: dismiss and notify, userAgent: Mozilla/5.0 (Windows NT 10....}
Session ID: c27e3f08-48be-4e22-b10b-484d1d7ac9d3
]]></system-err>
  </testcase>
</testsuite>